Job-shop model

Number of work stations                    5

Number of machines in each station         3    2    4    3    1

Number of job types                        3

Number of tasks for each job type          4    3    5

Distribution function of job types     0.300   0.800   1.000

Mean interarrival time of jobs          0.25 hours

Length of the simulation                 5.0 eight-hour days


Job type     Work stations on route

   1            3    1    2    5

   2            4    1    3

   3            2    5    1    4    3


Job type     Mean service time (in hours) for successive tasks

   1         0.50     0.60     0.85     0.50

   2         1.10     0.80     0.75

   3         1.20     0.25     0.70     0.90     1.00


Data Rata-Rata pada Jobshop-1:

Job type     Average total delay in queue

   1                     39.123

   2                     36.333

   3                     55.518

Overall average job total delay =    41.007


Data Rata-Rata pada Jobshop-2:

Job type     Average total delay in queue

   1                     42.983

   2                     35.309

   3                     40.190

Overall average job total delay =    38.587


Data Rata-Rata pada Jobshop-3:

Job type     Average total delay in queue

   1                     42.279

   2                     37.563

   3                     40.565

Overall average job total delay =    39.578
